<?xml version="1.0" encoding="UTF-8"?>
<!-- Generated by org.testng.reporters.JUnitXMLReporter -->
<testsuite ignored="2" hostname="huseyincakiroglu" failures="1" tests="11" name="Personal Loan" time="0.069" errors="0" timestamp="2022-09-07T16:12:20 TRT">
  <testcase classname="test.secondTest" name="test1" time="0.005"/>
  <testcase classname="test.secondTest" name="test1" time="0.001"/>
  <testcase classname="test.secondTest" name="test1" time="0.001"/>
  <testcase classname="test.secondTest" name="test3" time="0.001"/>
  <testcase classname="test.secondTest" name="test4" time="0.001"/>
  <testcase classname="test.testNGnasılKullanılır" name="Demo" time="0.003">
    <failure type="java.lang.AssertionError" message="expected [true] but found [false]">
      <![CDATA[java.lang.AssertionError: expected [true] but found [false]
at test.testNGnasılKullanılır.Demo(testNGnasılKullanılır.java:11)
at java.base/java.util.ArrayList.forEach(ArrayList.java:1511)
... Removed 31 stack frames]]>
    </failure>
  </testcase> <!-- Demo -->
  <testcase classname="test.testNGnasılKullanılır" name="gruplanmısTest" time="0.001"/>
  <testcase classname="test.homeLoan" name="LoginAPIHomeLoan" time="0.001"/>
  <testcase classname="test.homeLoan" name="MobileLoginHomeLoan" time="0.001"/>
  <testcase classname="test.homeLoan" name="WebLoginHomeLoan" time="0.001"/>
  <testcase classname="test.homeLoan" name="gruplanmısTest2" time="0.003"/>
  <testcase classname="test.secondTest" name="test2" time="0.0">
    <ignored/>
  </testcase> <!-- test2 -->
  <testcase classname="test.secondTest" name="gruplanmısTest3" time="0.0">
    <ignored/>
  </testcase> <!-- gruplanmısTest3 -->
</testsuite> <!-- Personal Loan -->
